<?xml version="1.0" encoding="UTF-8"?><testsuite failures="2" name="cucumber.runtime.formatter.JUnitFormatter" skipped="0" tests="2" time="160.887733">
<testcase classname="Check filter price is working fine" name="Filter from High to Low" time="112.538399">
<failure message="java.lang.AssertionError: Price is not sorted in ascending oder&#13;&#10;&#9;at org.junit.Assert.fail(Assert.java:88)&#13;&#10;&#9;at org.junit.Assert.assertTrue(Assert.java:41)&#13;&#10;&#9;at Cucumber.SGhotel.Pages.ChoseHotel.checkAscendingDescendingOrder(ChoseHotel.java:108)&#13;&#10;&#9;at Cucumber.SGhotel.StepDefinition.filterPriceSteps.price_will_be_filtered_in(filterPriceSteps.java:65)&#13;&#10;&#9;at ✽.Then price will be filtered in ascending(filterPrice.feature:16)&#13;&#10;"><![CDATA[Given user is on Singapore Hotel search page................................passed
When user selects the destination...........................................passed
And user selects checkin Date...............................................passed
And user selects checkout date..............................................passed
And selects "1" Room, "1" Adult, "0" Children and click on Search button....passed
And select the popular Filters..............................................passed
And selects price filter low to high........................................passed
Then price will be filtered in ascending....................................failed

StackTrace:
java.lang.AssertionError: Price is not sorted in ascending oder
	at org.junit.Assert.fail(Assert.java:88)
	at org.junit.Assert.assertTrue(Assert.java:41)
	at Cucumber.SGhotel.Pages.ChoseHotel.checkAscendingDescendingOrder(ChoseHotel.java:108)
	at Cucumber.SGhotel.StepDefinition.filterPriceSteps.price_will_be_filtered_in(filterPriceSteps.java:65)
	at ✽.Then price will be filtered in ascending(filterPrice.feature:16)
]]></failure>
</testcase>
<testcase classname="Check filter price is working fine" name="Filter from High to Low 2" time="48.349334">
<failure message="java.lang.AssertionError: Price is not sorted in ascending oder&#13;&#10;&#9;at org.junit.Assert.fail(Assert.java:88)&#13;&#10;&#9;at org.junit.Assert.assertTrue(Assert.java:41)&#13;&#10;&#9;at Cucumber.SGhotel.Pages.ChoseHotel.checkAscendingDescendingOrder(ChoseHotel.java:108)&#13;&#10;&#9;at Cucumber.SGhotel.StepDefinition.filterPriceSteps.price_will_be_filtered_in(filterPriceSteps.java:65)&#13;&#10;&#9;at ✽.Then price will be filtered in descending(filterPrice.feature:16)&#13;&#10;"><![CDATA[Given user is on Singapore Hotel search page................................passed
When user selects the destination...........................................passed
And user selects checkin Date...............................................passed
And user selects checkout date..............................................passed
And selects "1" Room, "1" Adult, "0" Children and click on Search button....passed
And select the popular Filters..............................................passed
And selects price filter high to low........................................passed
Then price will be filtered in descending...................................failed

StackTrace:
java.lang.AssertionError: Price is not sorted in ascending oder
	at org.junit.Assert.fail(Assert.java:88)
	at org.junit.Assert.assertTrue(Assert.java:41)
	at Cucumber.SGhotel.Pages.ChoseHotel.checkAscendingDescendingOrder(ChoseHotel.java:108)
	at Cucumber.SGhotel.StepDefinition.filterPriceSteps.price_will_be_filtered_in(filterPriceSteps.java:65)
	at ✽.Then price will be filtered in descending(filterPrice.feature:16)
]]></failure>
</testcase>
</testsuite>
